
Training Model: RNN_hs16_lr0.001_ep20
Parameters:
    Model Type          = RNN
    Hidden Size         = 16
    Learning Rate       = 0.001
    Epochs              = 20
    Input Size          = 5
    Output Size         = 1
    Sequence Length     = 30
    Batch Size          = 16
    Error Function      = MSE/MAE

Dataset:
    Total Samples       = 1229
    Train/Test Split    = 79:20
    Train Samples       = 977
    Test Samples        = 252
Starting training.

Epoch 1/20 — avg loss: 3570.490943
Epoch 2/20 — avg loss: 2458.703196
Epoch 3/20 — avg loss: 1679.451472
Epoch 4/20 — avg loss: 1322.220414
Epoch 5/20 — avg loss: 1199.226562
Epoch 6/20 — avg loss: 1122.709906
Epoch 7/20 — avg loss: 1072.646452
Epoch 8/20 — avg loss: 1038.947928
Epoch 9/20 — avg loss: 1001.240751
Epoch 10/20 — avg loss: 978.401966
Epoch 11/20 — avg loss: 966.061503
Epoch 12/20 — avg loss: 958.667935
Epoch 13/20 — avg loss: 946.074617
Epoch 14/20 — avg loss: 943.478654
Epoch 15/20 — avg loss: 938.203083
Epoch 16/20 — avg loss: 931.694262
Epoch 17/20 — avg loss: 931.852288
Epoch 18/20 — avg loss: 922.103265
Epoch 19/20 — avg loss: 924.257376
Epoch 20/20 — avg loss: 925.804787

Test 

Accuracy: R2: -11819.903920

MSE: 7540.679733, MAE:85.906497

Train 

Accuracy: R2: -1136.936614

MSE: 1847.869762, MAE:34.383645
Saved model → models/RNN_hs16_lr0.001_ep20.npz
Saved loss plot → results/RNN_hs16_lr0.001_ep20_loss.png
Saved prediction plot → results/RNN_hs16_lr0.001_ep20_predictions.png

Training Model: RNN_hs16_lr0.001_ep30
Parameters:
    Model Type          = RNN
    Hidden Size         = 16
    Learning Rate       = 0.001
    Epochs              = 30
    Input Size          = 5
    Output Size         = 1
    Sequence Length     = 30
    Batch Size          = 16
    Error Function      = MSE/MAE

Dataset:
    Total Samples       = 1229
    Train/Test Split    = 79:20
    Train Samples       = 977
    Test Samples        = 252
Starting training.

Epoch 1/30 — avg loss: 3559.977353
Epoch 2/30 — avg loss: 2476.219190
Epoch 3/30 — avg loss: 1673.760177
Epoch 4/30 — avg loss: 1318.965875
Epoch 5/30 — avg loss: 1196.330131
Epoch 6/30 — avg loss: 1126.794372
Epoch 7/30 — avg loss: 1079.322866
Epoch 8/30 — avg loss: 1043.658963
Epoch 9/30 — avg loss: 1004.049734
Epoch 10/30 — avg loss: 984.697474
Epoch 11/30 — avg loss: 958.830807
Epoch 12/30 — avg loss: 951.368753
Epoch 13/30 — avg loss: 947.801704
Epoch 14/30 — avg loss: 947.987220
Epoch 15/30 — avg loss: 938.357479
Epoch 16/30 — avg loss: 931.347744
Epoch 17/30 — avg loss: 926.294727
Epoch 18/30 — avg loss: 930.270350
Epoch 19/30 — avg loss: 928.799453
Epoch 20/30 — avg loss: 920.304997
Epoch 21/30 — avg loss: 925.767670
Epoch 22/30 — avg loss: 922.193552
Epoch 23/30 — avg loss: 923.765035
Epoch 24/30 — avg loss: 919.306504
Epoch 25/30 — avg loss: 922.967182
Epoch 26/30 — avg loss: 915.963364
Epoch 27/30 — avg loss: 919.234714
Epoch 28/30 — avg loss: 922.658788
Epoch 29/30 — avg loss: 923.512435
Epoch 30/30 — avg loss: 918.025441

Test 

Accuracy: R2: -11727.036285

MSE: 7481.438485, MAE:85.561002

Train 

Accuracy: R2: -1130.131125

MSE: 1836.818480, MAE:34.382531
Saved model → models/RNN_hs16_lr0.001_ep30.npz
Saved loss plot → results/RNN_hs16_lr0.001_ep30_loss.png
Saved prediction plot → results/RNN_hs16_lr0.001_ep30_predictions.png

Training Model: RNN_hs16_lr0.001_ep50
Parameters:
    Model Type          = RNN
    Hidden Size         = 16
    Learning Rate       = 0.001
    Epochs              = 50
    Input Size          = 5
    Output Size         = 1
    Sequence Length     = 30
    Batch Size          = 16
    Error Function      = MSE/MAE

Dataset:
    Total Samples       = 1229
    Train/Test Split    = 79:20
    Train Samples       = 977
    Test Samples        = 252
Starting training.

Epoch 1/50 — avg loss: 3565.952094
Epoch 2/50 — avg loss: 2457.740133
Epoch 3/50 — avg loss: 1678.653449
Epoch 4/50 — avg loss: 1330.766313
Epoch 5/50 — avg loss: 1199.206836
Epoch 6/50 — avg loss: 1128.336994
Epoch 7/50 — avg loss: 1079.816526
Epoch 8/50 — avg loss: 1040.010953
Epoch 9/50 — avg loss: 1006.896036
Epoch 10/50 — avg loss: 985.910450
Epoch 11/50 — avg loss: 963.267511
Epoch 12/50 — avg loss: 951.137449
Epoch 13/50 — avg loss: 943.243302
Epoch 14/50 — avg loss: 937.812117
Epoch 15/50 — avg loss: 940.173094
Epoch 16/50 — avg loss: 931.709272
Epoch 17/50 — avg loss: 931.628002
Epoch 18/50 — avg loss: 929.180097
Epoch 19/50 — avg loss: 925.233670
Epoch 20/50 — avg loss: 926.339734
Epoch 21/50 — avg loss: 924.522958
Epoch 22/50 — avg loss: 926.632734
Epoch 23/50 — avg loss: 921.997770
Epoch 24/50 — avg loss: 917.544049
Epoch 25/50 — avg loss: 920.403263
Epoch 26/50 — avg loss: 921.404491
Epoch 27/50 — avg loss: 916.226076
Epoch 28/50 — avg loss: 918.283434
Epoch 29/50 — avg loss: 918.210072
Epoch 30/50 — avg loss: 919.946365
Epoch 31/50 — avg loss: 921.127044
Epoch 32/50 — avg loss: 921.277433
Epoch 33/50 — avg loss: 917.727705
Epoch 34/50 — avg loss: 916.704359
Epoch 35/50 — avg loss: 918.584581
Epoch 36/50 — avg loss: 913.885507
Epoch 37/50 — avg loss: 919.010782
Epoch 38/50 — avg loss: 915.775024
Epoch 39/50 — avg loss: 915.776412
Epoch 40/50 — avg loss: 919.053150
Epoch 41/50 — avg loss: 923.853265
Epoch 42/50 — avg loss: 918.810094
Epoch 43/50 — avg loss: 918.144843
Epoch 44/50 — avg loss: 920.846028
Epoch 45/50 — avg loss: 921.530383
Epoch 46/50 — avg loss: 913.179338
Epoch 47/50 — avg loss: 915.354543
Epoch 48/50 — avg loss: 917.456047
Epoch 49/50 — avg loss: 919.076682
Epoch 50/50 — avg loss: 918.995325

Test 

Accuracy: R2: -11721.195247

MSE: 7477.712426, MAE:85.539225

Train 

Accuracy: R2: -1129.729261

MSE: 1836.165903, MAE:34.382549
Saved model → models/RNN_hs16_lr0.001_ep50.npz
Saved loss plot → results/RNN_hs16_lr0.001_ep50_loss.png
Saved prediction plot → results/RNN_hs16_lr0.001_ep50_predictions.png

Training Model: RNN_hs16_lr0.005_ep20
Parameters:
    Model Type          = RNN
    Hidden Size         = 16
    Learning Rate       = 0.005
    Epochs              = 20
    Input Size          = 5
    Output Size         = 1
    Sequence Length     = 30
    Batch Size          = 16
    Error Function      = MSE/MAE

Dataset:
    Total Samples       = 1229
    Train/Test Split    = 79:20
    Train Samples       = 977
    Test Samples        = 252
Starting training.

Epoch 1/20 — avg loss: 2057.082638
Epoch 2/20 — avg loss: 1050.921775
Epoch 3/20 — avg loss: 939.228565
Epoch 4/20 — avg loss: 921.497794
Epoch 5/20 — avg loss: 927.429019
Epoch 6/20 — avg loss: 933.274508
Epoch 7/20 — avg loss: 913.124135
Epoch 8/20 — avg loss: 925.683695
Epoch 9/20 — avg loss: 907.551050
Epoch 10/20 — avg loss: 945.939346
Epoch 11/20 — avg loss: 915.165935
Epoch 12/20 — avg loss: 916.741323
Epoch 13/20 — avg loss: 865.897583
Epoch 14/20 — avg loss: 849.635676
Epoch 15/20 — avg loss: 782.038536
Epoch 16/20 — avg loss: 729.156470
Epoch 17/20 — avg loss: 670.386948
Epoch 18/20 — avg loss: 638.872171
Epoch 19/20 — avg loss: 535.190571
Epoch 20/20 — avg loss: 413.748884

Test 

Accuracy: R2: -3309.637171

MSE: 2111.890494, MAE:44.171671

Train 

Accuracy: R2: -1602.716256

MSE: 2604.238883, MAE:41.654263
Saved model → models/RNN_hs16_lr0.005_ep20.npz
Saved loss plot → results/RNN_hs16_lr0.005_ep20_loss.png
Saved prediction plot → results/RNN_hs16_lr0.005_ep20_predictions.png

Training Model: RNN_hs16_lr0.005_ep30
Parameters:
    Model Type          = RNN
    Hidden Size         = 16
    Learning Rate       = 0.005
    Epochs              = 30
    Input Size          = 5
    Output Size         = 1
    Sequence Length     = 30
    Batch Size          = 16
    Error Function      = MSE/MAE

Dataset:
    Total Samples       = 1229
    Train/Test Split    = 79:20
    Train Samples       = 977
    Test Samples        = 252
Starting training.

Epoch 1/30 — avg loss: 2069.919174
Epoch 2/30 — avg loss: 1060.724553
Epoch 3/30 — avg loss: 960.352473
Epoch 4/30 — avg loss: 928.836848
Epoch 5/30 — avg loss: 908.837126
Epoch 6/30 — avg loss: 922.742663
Epoch 7/30 — avg loss: 928.919466
Epoch 8/30 — avg loss: 930.598553
Epoch 9/30 — avg loss: 908.529341
Epoch 10/30 — avg loss: 930.490278
Epoch 11/30 — avg loss: 893.122183
Epoch 12/30 — avg loss: 863.150877
Epoch 13/30 — avg loss: 784.845679
Epoch 14/30 — avg loss: 741.059044
Epoch 15/30 — avg loss: 656.371117
Epoch 16/30 — avg loss: 428.394232
Epoch 17/30 — avg loss: 304.239300
Epoch 18/30 — avg loss: 217.853119
Epoch 19/30 — avg loss: 114.666509
Epoch 20/30 — avg loss: 80.893298
Epoch 21/30 — avg loss: 60.723690
Epoch 22/30 — avg loss: 49.223548
Epoch 23/30 — avg loss: 41.171257
Epoch 24/30 — avg loss: 31.162671
Epoch 25/30 — avg loss: 24.455668
Epoch 26/30 — avg loss: 19.631268
Epoch 27/30 — avg loss: 16.549105
Epoch 28/30 — avg loss: 13.702029
Epoch 29/30 — avg loss: 12.098924
Epoch 30/30 — avg loss: 11.531934

Test 

Accuracy: R2: -351.951323

MSE: 225.151385, MAE:12.187135

Train 

Accuracy: R2: -1915.692327

MSE: 3112.473710, MAE:43.820024
Saved model → models/RNN_hs16_lr0.005_ep30.npz
Saved loss plot → results/RNN_hs16_lr0.005_ep30_loss.png
Saved prediction plot → results/RNN_hs16_lr0.005_ep30_predictions.png

Training Model: RNN_hs16_lr0.005_ep50
Parameters:
    Model Type          = RNN
    Hidden Size         = 16
    Learning Rate       = 0.005
    Epochs              = 50
    Input Size          = 5
    Output Size         = 1
    Sequence Length     = 30
    Batch Size          = 16
    Error Function      = MSE/MAE

Dataset:
    Total Samples       = 1229
    Train/Test Split    = 79:20
    Train Samples       = 977
    Test Samples        = 252
Starting training.

Epoch 1/50 — avg loss: 2054.632049
Epoch 2/50 — avg loss: 1069.285804
Epoch 3/50 — avg loss: 938.729354
Epoch 4/50 — avg loss: 938.040671
Epoch 5/50 — avg loss: 929.457816
Epoch 6/50 — avg loss: 918.508921
Epoch 7/50 — avg loss: 918.556989
Epoch 8/50 — avg loss: 917.389207
Epoch 9/50 — avg loss: 911.545879
Epoch 10/50 — avg loss: 930.777690
Epoch 11/50 — avg loss: 904.444023
Epoch 12/50 — avg loss: 926.739133
Epoch 13/50 — avg loss: 913.646462
Epoch 14/50 — avg loss: 907.028559
Epoch 15/50 — avg loss: 873.106227
Epoch 16/50 — avg loss: 826.186246
Epoch 17/50 — avg loss: 718.470140
Epoch 18/50 — avg loss: 604.718493
Epoch 19/50 — avg loss: 427.610600
Epoch 20/50 — avg loss: 305.167582
Epoch 21/50 — avg loss: 210.381104
Epoch 22/50 — avg loss: 95.480070
Epoch 23/50 — avg loss: 68.112639
Epoch 24/50 — avg loss: 52.138403
Epoch 25/50 — avg loss: 37.030443
Epoch 26/50 — avg loss: 32.746221
Epoch 27/50 — avg loss: 29.512928
Epoch 28/50 — avg loss: 24.798172
Epoch 29/50 — avg loss: 21.181609
Epoch 30/50 — avg loss: 16.265550
Epoch 31/50 — avg loss: 14.121178
Epoch 32/50 — avg loss: 13.230119
Epoch 33/50 — avg loss: 11.981014
Epoch 34/50 — avg loss: 11.156941
Epoch 35/50 — avg loss: 10.513962
Epoch 36/50 — avg loss: 10.228619
Epoch 37/50 — avg loss: 10.049155
Epoch 38/50 — avg loss: 9.270723
Epoch 39/50 — avg loss: 9.273094
Epoch 40/50 — avg loss: 9.140102
Epoch 41/50 — avg loss: 7.976775
Epoch 42/50 — avg loss: 7.698365
Epoch 43/50 — avg loss: 7.603620
Epoch 44/50 — avg loss: 7.502624
Epoch 45/50 — avg loss: 7.344715
Epoch 46/50 — avg loss: 7.085268
Epoch 47/50 — avg loss: 6.886205
Epoch 48/50 — avg loss: 6.718100
Epoch 49/50 — avg loss: 6.380245
Epoch 50/50 — avg loss: 6.328650

Test 

Accuracy: R2: -396.695607

MSE: 253.694237, MAE:12.980771

Train 

Accuracy: R2: -1911.884323

MSE: 3106.289978, MAE:43.797245
Saved model → models/RNN_hs16_lr0.005_ep50.npz
Saved loss plot → results/RNN_hs16_lr0.005_ep50_loss.png
Saved prediction plot → results/RNN_hs16_lr0.005_ep50_predictions.png

Training Model: RNN_hs32_lr0.001_ep20
Parameters:
    Model Type          = RNN
    Hidden Size         = 32
    Learning Rate       = 0.001
    Epochs              = 20
    Input Size          = 5
    Output Size         = 1
    Sequence Length     = 30
    Batch Size          = 16
    Error Function      = MSE/MAE

Dataset:
    Total Samples       = 1229
    Train/Test Split    = 79:20
    Train Samples       = 977
    Test Samples        = 252
Starting training.

Epoch 1/20 — avg loss: 3047.599646
Epoch 2/20 — avg loss: 1550.099608
Epoch 3/20 — avg loss: 1186.527794
Epoch 4/20 — avg loss: 1080.550004
Epoch 5/20 — avg loss: 997.064875
Epoch 6/20 — avg loss: 961.264463
Epoch 7/20 — avg loss: 946.711556
Epoch 8/20 — avg loss: 943.450649
Epoch 9/20 — avg loss: 929.982016
Epoch 10/20 — avg loss: 919.854024
Epoch 11/20 — avg loss: 925.736399
Epoch 12/20 — avg loss: 924.626376
Epoch 13/20 — avg loss: 923.433950
Epoch 14/20 — avg loss: 914.937111
Epoch 15/20 — avg loss: 919.515415
Epoch 16/20 — avg loss: 914.678822
Epoch 17/20 — avg loss: 923.078800
Epoch 18/20 — avg loss: 921.798373
Epoch 19/20 — avg loss: 924.793307
Epoch 20/20 — avg loss: 918.829047

Test 

Accuracy: R2: -11671.570328

MSE: 7446.056165, MAE:85.353985

Train 

Accuracy: R2: -1126.113345

MSE: 1830.294099, MAE:34.382831
Saved model → models/RNN_hs32_lr0.001_ep20.npz
Saved loss plot → results/RNN_hs32_lr0.001_ep20_loss.png
Saved prediction plot → results/RNN_hs32_lr0.001_ep20_predictions.png

Training Model: RNN_hs32_lr0.001_ep30
Parameters:
    Model Type          = RNN
    Hidden Size         = 32
    Learning Rate       = 0.001
    Epochs              = 30
    Input Size          = 5
    Output Size         = 1
    Sequence Length     = 30
    Batch Size          = 16
    Error Function      = MSE/MAE

Dataset:
    Total Samples       = 1229
    Train/Test Split    = 79:20
    Train Samples       = 977
    Test Samples        = 252
Starting training.

Epoch 1/30 — avg loss: 3069.109763
Epoch 2/30 — avg loss: 1509.556204
Epoch 3/30 — avg loss: 1157.824061
Epoch 4/30 — avg loss: 1057.101513
Epoch 5/30 — avg loss: 990.186434
Epoch 6/30 — avg loss: 959.834479
Epoch 7/30 — avg loss: 944.431213
Epoch 8/30 — avg loss: 932.377373
Epoch 9/30 — avg loss: 934.873118
Epoch 10/30 — avg loss: 923.364242
Epoch 11/30 — avg loss: 920.497036
Epoch 12/30 — avg loss: 928.748375
Epoch 13/30 — avg loss: 919.443631
Epoch 14/30 — avg loss: 914.872035
Epoch 15/30 — avg loss: 920.644458
Epoch 16/30 — avg loss: 923.072981
Epoch 17/30 — avg loss: 912.464190
Epoch 18/30 — avg loss: 915.130911
Epoch 19/30 — avg loss: 911.985475
Epoch 20/30 — avg loss: 925.772383
Epoch 21/30 — avg loss: 912.313485
Epoch 22/30 — avg loss: 920.589944
Epoch 23/30 — avg loss: 912.997344
Epoch 24/30 — avg loss: 928.663093
Epoch 25/30 — avg loss: 920.964448
Epoch 26/30 — avg loss: 911.538481
Epoch 27/30 — avg loss: 926.904351
Epoch 28/30 — avg loss: 922.244932
Epoch 29/30 — avg loss: 913.683486
Epoch 30/30 — avg loss: 915.450743

Test 

Accuracy: R2: -11711.517868

MSE: 7471.539123, MAE:85.503132

Train 

Accuracy: R2: -1128.992890

MSE: 1834.970127, MAE:34.382588
Saved model → models/RNN_hs32_lr0.001_ep30.npz
Saved loss plot → results/RNN_hs32_lr0.001_ep30_loss.png
Saved prediction plot → results/RNN_hs32_lr0.001_ep30_predictions.png

Training Model: RNN_hs32_lr0.001_ep50
Parameters:
    Model Type          = RNN
    Hidden Size         = 32
    Learning Rate       = 0.001
    Epochs              = 50
    Input Size          = 5
    Output Size         = 1
    Sequence Length     = 30
    Batch Size          = 16
    Error Function      = MSE/MAE

Dataset:
    Total Samples       = 1229
    Train/Test Split    = 79:20
    Train Samples       = 977
    Test Samples        = 252
Starting training.

Epoch 1/50 — avg loss: 3035.206285
Epoch 2/50 — avg loss: 1527.936822
Epoch 3/50 — avg loss: 1164.127320
Epoch 4/50 — avg loss: 1065.338743
Epoch 5/50 — avg loss: 999.214038
Epoch 6/50 — avg loss: 961.117424
Epoch 7/50 — avg loss: 941.270787
Epoch 8/50 — avg loss: 938.314721
Epoch 9/50 — avg loss: 930.134662
Epoch 10/50 — avg loss: 923.560620
Epoch 11/50 — avg loss: 926.585866
Epoch 12/50 — avg loss: 928.984120
Epoch 13/50 — avg loss: 919.272459
Epoch 14/50 — avg loss: 917.579080
Epoch 15/50 — avg loss: 924.920264
Epoch 16/50 — avg loss: 928.347843
Epoch 17/50 — avg loss: 918.325774
Epoch 18/50 — avg loss: 924.496372
Epoch 19/50 — avg loss: 918.129558
Epoch 20/50 — avg loss: 920.178925
Epoch 21/50 — avg loss: 918.538606
Epoch 22/50 — avg loss: 916.357705
Epoch 23/50 — avg loss: 918.953266
Epoch 24/50 — avg loss: 918.489926
Epoch 25/50 — avg loss: 916.069148
Epoch 26/50 — avg loss: 920.722666
Epoch 27/50 — avg loss: 914.067612
Epoch 28/50 — avg loss: 919.905138
Epoch 29/50 — avg loss: 912.178161
Epoch 30/50 — avg loss: 926.003710
Epoch 31/50 — avg loss: 915.448120
Epoch 32/50 — avg loss: 918.880220
Epoch 33/50 — avg loss: 917.983638
Epoch 34/50 — avg loss: 924.073551
Epoch 35/50 — avg loss: 918.481722
Epoch 36/50 — avg loss: 916.723357
Epoch 37/50 — avg loss: 910.260107
Epoch 38/50 — avg loss: 914.793863
Epoch 39/50 — avg loss: 921.057104
Epoch 40/50 — avg loss: 917.723244
Epoch 41/50 — avg loss: 918.569250
Epoch 42/50 — avg loss: 919.279042
Epoch 43/50 — avg loss: 920.084581
Epoch 44/50 — avg loss: 921.287489
Epoch 45/50 — avg loss: 924.877186
Epoch 46/50 — avg loss: 922.616375
Epoch 47/50 — avg loss: 916.583509
Epoch 48/50 — avg loss: 918.979628
Epoch 49/50 — avg loss: 917.257761
Epoch 50/50 — avg loss: 917.632855

Test 

Accuracy: R2: -11675.328496

MSE: 7448.453540, MAE:85.368027

Train 

Accuracy: R2: -1126.378771

MSE: 1830.725117, MAE:34.382789
Saved model → models/RNN_hs32_lr0.001_ep50.npz
Saved loss plot → results/RNN_hs32_lr0.001_ep50_loss.png
Saved prediction plot → results/RNN_hs32_lr0.001_ep50_predictions.png

Training Model: RNN_hs32_lr0.005_ep20
Parameters:
    Model Type          = RNN
    Hidden Size         = 32
    Learning Rate       = 0.005
    Epochs              = 20
    Input Size          = 5
    Output Size         = 1
    Sequence Length     = 30
    Batch Size          = 16
    Error Function      = MSE/MAE

Dataset:
    Total Samples       = 1229
    Train/Test Split    = 79:20
    Train Samples       = 977
    Test Samples        = 252
Starting training.

Epoch 1/20 — avg loss: 1590.901168
Epoch 2/20 — avg loss: 935.373104
Epoch 3/20 — avg loss: 929.405463
Epoch 4/20 — avg loss: 907.175524
Epoch 5/20 — avg loss: 913.668582
Epoch 6/20 — avg loss: 925.320623
Epoch 7/20 — avg loss: 913.322663
Epoch 8/20 — avg loss: 937.129056
Epoch 9/20 — avg loss: 901.499701
Epoch 10/20 — avg loss: 940.834490
Epoch 11/20 — avg loss: 920.779994
Epoch 12/20 — avg loss: 924.110889
Epoch 13/20 — avg loss: 912.911358
Epoch 14/20 — avg loss: 922.870571
Epoch 15/20 — avg loss: 925.838972
Epoch 16/20 — avg loss: 904.394204
Epoch 17/20 — avg loss: 929.452921
Epoch 18/20 — avg loss: 928.912600
Epoch 19/20 — avg loss: 901.631275
Epoch 20/20 — avg loss: 921.284839

Test 

Accuracy: R2: -12330.761004

MSE: 7866.560874, MAE:87.782728

Train 

Accuracy: R2: -1176.442688

MSE: 1912.022790, MAE:34.413436
Saved model → models/RNN_hs32_lr0.005_ep20.npz
Saved loss plot → results/RNN_hs32_lr0.005_ep20_loss.png
Saved prediction plot → results/RNN_hs32_lr0.005_ep20_predictions.png

Training Model: RNN_hs32_lr0.005_ep30
Parameters:
    Model Type          = RNN
    Hidden Size         = 32
    Learning Rate       = 0.005
    Epochs              = 30
    Input Size          = 5
    Output Size         = 1
    Sequence Length     = 30
    Batch Size          = 16
    Error Function      = MSE/MAE

Dataset:
    Total Samples       = 1229
    Train/Test Split    = 79:20
    Train Samples       = 977
    Test Samples        = 252
Starting training.

Epoch 1/30 — avg loss: 1574.678280
Epoch 2/30 — avg loss: 947.945073
Epoch 3/30 — avg loss: 914.516967
Epoch 4/30 — avg loss: 917.155207
Epoch 5/30 — avg loss: 928.871371
Epoch 6/30 — avg loss: 926.128538
Epoch 7/30 — avg loss: 917.191126
Epoch 8/30 — avg loss: 915.370346
Epoch 9/30 — avg loss: 900.139427
Epoch 10/30 — avg loss: 938.626712
Epoch 11/30 — avg loss: 919.010506
Epoch 12/30 — avg loss: 919.530899
Epoch 13/30 — avg loss: 930.936675
Epoch 14/30 — avg loss: 907.445626
Epoch 15/30 — avg loss: 932.222095
Epoch 16/30 — avg loss: 914.947885
Epoch 17/30 — avg loss: 930.232467
Epoch 18/30 — avg loss: 915.114199
Epoch 19/30 — avg loss: 928.969617
Epoch 20/30 — avg loss: 931.699643
Epoch 21/30 — avg loss: 899.463203
Epoch 22/30 — avg loss: 933.081669
Epoch 23/30 — avg loss: 911.729082
Epoch 24/30 — avg loss: 921.189659
Epoch 25/30 — avg loss: 926.019673
Epoch 26/30 — avg loss: 903.110585
Epoch 27/30 — avg loss: 916.951976
Epoch 28/30 — avg loss: 926.065617
Epoch 29/30 — avg loss: 920.929584
Epoch 30/30 — avg loss: 905.944319

Test 

Accuracy: R2: -12059.564350

MSE: 7693.561658, MAE:86.791752

Train 

Accuracy: R2: -1155.025365

MSE: 1877.243679, MAE:34.392918
Saved model → models/RNN_hs32_lr0.005_ep30.npz
Saved loss plot → results/RNN_hs32_lr0.005_ep30_loss.png
Saved prediction plot → results/RNN_hs32_lr0.005_ep30_predictions.png

Training Model: RNN_hs32_lr0.005_ep50
Parameters:
    Model Type          = RNN
    Hidden Size         = 32
    Learning Rate       = 0.005
    Epochs              = 50
    Input Size          = 5
    Output Size         = 1
    Sequence Length     = 30
    Batch Size          = 16
    Error Function      = MSE/MAE

Dataset:
    Total Samples       = 1229
    Train/Test Split    = 79:20
    Train Samples       = 977
    Test Samples        = 252
Starting training.

Epoch 1/50 — avg loss: 1526.416041
Epoch 2/50 — avg loss: 929.695404
Epoch 3/50 — avg loss: 910.668195
Epoch 4/50 — avg loss: 915.540584
Epoch 5/50 — avg loss: 921.154596
Epoch 6/50 — avg loss: 928.347469
Epoch 7/50 — avg loss: 912.887608
Epoch 8/50 — avg loss: 916.604626
Epoch 9/50 — avg loss: 906.791573
Epoch 10/50 — avg loss: 942.569838
Epoch 11/50 — avg loss: 932.871390
Epoch 12/50 — avg loss: 892.482129
Epoch 13/50 — avg loss: 900.190407
Epoch 14/50 — avg loss: 941.957051
Epoch 15/50 — avg loss: 918.349696
Epoch 16/50 — avg loss: 914.896916
Epoch 17/50 — avg loss: 914.633455
Epoch 18/50 — avg loss: 925.005583
Epoch 19/50 — avg loss: 897.355234
Epoch 20/50 — avg loss: 937.391953
Epoch 21/50 — avg loss: 918.795220
Epoch 22/50 — avg loss: 934.445620
Epoch 23/50 — avg loss: 911.306064
Epoch 24/50 — avg loss: 907.806156
Epoch 25/50 — avg loss: 900.302073
Epoch 26/50 — avg loss: 949.580236
Epoch 27/50 — avg loss: 905.930436
Epoch 28/50 — avg loss: 927.260636
Epoch 29/50 — avg loss: 908.839748
Epoch 30/50 — avg loss: 910.296811
Epoch 31/50 — avg loss: 935.590909
Epoch 32/50 — avg loss: 918.964757
Epoch 33/50 — avg loss: 934.123179
Epoch 34/50 — avg loss: 894.199403
Epoch 35/50 — avg loss: 924.741943
Epoch 36/50 — avg loss: 934.700966
Epoch 37/50 — avg loss: 943.811797
Epoch 38/50 — avg loss: 909.761776
Epoch 39/50 — avg loss: 911.635458
Epoch 40/50 — avg loss: 927.756298
Epoch 41/50 — avg loss: 916.145312
Epoch 42/50 — avg loss: 900.897337
Epoch 43/50 — avg loss: 901.845127
Epoch 44/50 — avg loss: 933.199323
Epoch 45/50 — avg loss: 897.057972
Epoch 46/50 — avg loss: 925.509053
Epoch 47/50 — avg loss: 923.693761
Epoch 48/50 — avg loss: 932.244769
Epoch 49/50 — avg loss: 907.388995
Epoch 50/50 — avg loss: 926.611655

Test 

Accuracy: R2: -11939.470254

MSE: 7616.952363, MAE:86.349284

Train 

Accuracy: R2: -1145.854636

MSE: 1862.351539, MAE:34.387700
Saved model → models/RNN_hs32_lr0.005_ep50.npz
Saved loss plot → results/RNN_hs32_lr0.005_ep50_loss.png
Saved prediction plot → results/RNN_hs32_lr0.005_ep50_predictions.png

Best RNN Model: RNN_hs16_lr0.005_ep30 with MSE: 225.151385, MAE: 12.187135
Saved metric bar plot → results/RNN_mse_comparison.png
Saved metric bar plot → results/RNN_mae_comparison.png
Saved R² comparison plot → results/RNN_r2_comparison.png

Training Model: LSTM_hs16_lr0.001_ep20
Parameters:
    Model Type          = LSTM
    Hidden Size         = 16
    Learning Rate       = 0.001
    Epochs              = 20
    Input Size          = 5
    Output Size         = 1
    Sequence Length     = 30
    Batch Size          = 16
    Error Function      = MSE/MAE

Dataset:
    Total Samples       = 1229
    Train/Test Split    = 79:20
    Train Samples       = 977
    Test Samples        = 252
Starting training.

Epoch 1/20 — avg loss: 3610.512841
Epoch 2/20 — avg loss: 2484.325526
Epoch 3/20 — avg loss: 1692.474306
Epoch 4/20 — avg loss: 1330.286908
Epoch 5/20 — avg loss: 1198.207227
Epoch 6/20 — avg loss: 1128.961362
Epoch 7/20 — avg loss: 1081.075849
Epoch 8/20 — avg loss: 1043.541091
Epoch 9/20 — avg loss: 1011.681769
Epoch 10/20 — avg loss: 978.145548
Epoch 11/20 — avg loss: 956.963556
Epoch 12/20 — avg loss: 908.807466
Epoch 13/20 — avg loss: 874.247140
Epoch 14/20 — avg loss: 852.044336
Epoch 15/20 — avg loss: 817.678170
Epoch 16/20 — avg loss: 775.704724
Epoch 17/20 — avg loss: 736.046617
Epoch 18/20 — avg loss: 705.439195
Epoch 19/20 — avg loss: 684.237987
Epoch 20/20 — avg loss: 665.002747

Test 

Accuracy: R2: -7329.496808

MSE: 4676.201506, MAE:67.197075

Train 

Accuracy: R2: -1407.697407

MSE: 2287.552145, MAE:40.341348
Saved model → models/LSTM_hs16_lr0.001_ep20.npz
Saved loss plot → results/LSTM_hs16_lr0.001_ep20_loss.png
Saved prediction plot → results/LSTM_hs16_lr0.001_ep20_predictions.png

Training Model: LSTM_hs16_lr0.001_ep30
Parameters:
    Model Type          = LSTM
    Hidden Size         = 16
    Learning Rate       = 0.001
    Epochs              = 30
    Input Size          = 5
    Output Size         = 1
    Sequence Length     = 30
    Batch Size          = 16
    Error Function      = MSE/MAE

Dataset:
    Total Samples       = 1229
    Train/Test Split    = 79:20
    Train Samples       = 977
    Test Samples        = 252
Starting training.

Epoch 1/30 — avg loss: 3613.835697
Epoch 2/30 — avg loss: 2478.938438
Epoch 3/30 — avg loss: 1689.733580
Epoch 4/30 — avg loss: 1325.824975
Epoch 5/30 — avg loss: 1196.814373
Epoch 6/30 — avg loss: 1135.841045
Epoch 7/30 — avg loss: 1072.369932
Epoch 8/30 — avg loss: 1041.752154
Epoch 9/30 — avg loss: 1005.182617
Epoch 10/30 — avg loss: 977.985070
Epoch 11/30 — avg loss: 956.759006
Epoch 12/30 — avg loss: 904.206713
Epoch 13/30 — avg loss: 864.830867
Epoch 14/30 — avg loss: 842.666263
Epoch 15/30 — avg loss: 804.397389
Epoch 16/30 — avg loss: 769.864094
Epoch 17/30 — avg loss: 743.776226
Epoch 18/30 — avg loss: 713.845287
Epoch 19/30 — avg loss: 687.646651
Epoch 20/30 — avg loss: 669.566109
Epoch 21/30 — avg loss: 668.154921
Epoch 22/30 — avg loss: 653.612464
Epoch 23/30 — avg loss: 652.323253
Epoch 24/30 — avg loss: 662.244291
Epoch 25/30 — avg loss: 660.933188
Epoch 26/30 — avg loss: 668.483059
Epoch 27/30 — avg loss: 661.335817
Epoch 28/30 — avg loss: 685.411373
Epoch 29/30 — avg loss: 695.752097
Epoch 30/30 — avg loss: 702.793684

Test 

Accuracy: R2: -4246.099377

MSE: 2709.269647, MAE:50.482686

Train 

Accuracy: R2: -1511.614055

MSE: 2456.300061, MAE:42.723389
Saved model → models/LSTM_hs16_lr0.001_ep30.npz
Saved loss plot → results/LSTM_hs16_lr0.001_ep30_loss.png
Saved prediction plot → results/LSTM_hs16_lr0.001_ep30_predictions.png

Training Model: LSTM_hs16_lr0.001_ep50
Parameters:
    Model Type          = LSTM
    Hidden Size         = 16
    Learning Rate       = 0.001
    Epochs              = 50
    Input Size          = 5
    Output Size         = 1
    Sequence Length     = 30
    Batch Size          = 16
    Error Function      = MSE/MAE

Dataset:
    Total Samples       = 1229
    Train/Test Split    = 79:20
    Train Samples       = 977
    Test Samples        = 252
Starting training.

Epoch 1/50 — avg loss: 3605.413305
Epoch 2/50 — avg loss: 2488.478802
Epoch 3/50 — avg loss: 1683.813837
Epoch 4/50 — avg loss: 1328.323958
Epoch 5/50 — avg loss: 1193.137788
Epoch 6/50 — avg loss: 1129.083619
Epoch 7/50 — avg loss: 1078.469359
Epoch 8/50 — avg loss: 1043.747816
Epoch 9/50 — avg loss: 1008.431942
Epoch 10/50 — avg loss: 980.590136
Epoch 11/50 — avg loss: 963.741330
Epoch 12/50 — avg loss: 925.966544
Epoch 13/50 — avg loss: 866.195531
Epoch 14/50 — avg loss: 843.970055
Epoch 15/50 — avg loss: 810.493040
Epoch 16/50 — avg loss: 774.928720
Epoch 17/50 — avg loss: 747.146886
Epoch 18/50 — avg loss: 718.910707
Epoch 19/50 — avg loss: 691.985327
Epoch 20/50 — avg loss: 675.194268
Epoch 21/50 — avg loss: 655.182692
Epoch 22/50 — avg loss: 655.283401
Epoch 23/50 — avg loss: 658.723008
Epoch 24/50 — avg loss: 655.297214
Epoch 25/50 — avg loss: 661.199452
Epoch 26/50 — avg loss: 662.084483
Epoch 27/50 — avg loss: 678.431658
Epoch 28/50 — avg loss: 687.176973
Epoch 29/50 — avg loss: 699.578586
Epoch 30/50 — avg loss: 706.568491
Epoch 31/50 — avg loss: 729.477454
Epoch 32/50 — avg loss: 728.854379
Epoch 33/50 — avg loss: 732.698133
Epoch 34/50 — avg loss: 735.149253
Epoch 35/50 — avg loss: 766.053347
Epoch 36/50 — avg loss: 773.975651
Epoch 37/50 — avg loss: 776.154739
Epoch 38/50 — avg loss: 785.794667
Epoch 39/50 — avg loss: 788.536156
Epoch 40/50 — avg loss: 800.025737
Epoch 41/50 — avg loss: 812.565431
Epoch 42/50 — avg loss: 832.580413
Epoch 43/50 — avg loss: 832.150086
Epoch 44/50 — avg loss: 838.098605
Epoch 45/50 — avg loss: 865.139745
Epoch 46/50 — avg loss: 874.189852
Epoch 47/50 — avg loss: 872.312901
Epoch 48/50 — avg loss: 873.072264
Epoch 49/50 — avg loss: 882.610655
Epoch 50/50 — avg loss: 901.594641

Test 

Accuracy: R2: -2006.070170

MSE: 1280.331306, MAE:32.972552

Train 

Accuracy: R2: -1858.899558

MSE: 3020.249205, MAE:45.741493
Saved model → models/LSTM_hs16_lr0.001_ep50.npz
Saved loss plot → results/LSTM_hs16_lr0.001_ep50_loss.png
Saved prediction plot → results/LSTM_hs16_lr0.001_ep50_predictions.png

Training Model: LSTM_hs16_lr0.005_ep20
Parameters:
    Model Type          = LSTM
    Hidden Size         = 16
    Learning Rate       = 0.005
    Epochs              = 20
    Input Size          = 5
    Output Size         = 1
    Sequence Length     = 30
    Batch Size          = 16
    Error Function      = MSE/MAE

Dataset:
    Total Samples       = 1229
    Train/Test Split    = 79:20
    Train Samples       = 977
    Test Samples        = 252
Starting training.

Epoch 1/20 — avg loss: 2038.197889
Epoch 2/20 — avg loss: 1014.309109
Epoch 3/20 — avg loss: 809.793607
Epoch 4/20 — avg loss: 634.572381
Epoch 5/20 — avg loss: 500.179554
Epoch 6/20 — avg loss: 182.601860
Epoch 7/20 — avg loss: 83.787495
Epoch 8/20 — avg loss: 76.836498
Epoch 9/20 — avg loss: 37.876449
Epoch 10/20 — avg loss: 21.543711
Epoch 11/20 — avg loss: 17.673199
Epoch 12/20 — avg loss: 13.399844
Epoch 13/20 — avg loss: 11.546852
Epoch 14/20 — avg loss: 10.432612
Epoch 15/20 — avg loss: 9.419478
Epoch 16/20 — avg loss: 8.285987
Epoch 17/20 — avg loss: 7.878491
Epoch 18/20 — avg loss: 7.320565
Epoch 19/20 — avg loss: 7.336785
Epoch 20/20 — avg loss: 6.879131

Test 

Accuracy: R2: -344.105598

MSE: 220.146514, MAE:12.239276

Train 

Accuracy: R2: -1918.483164

MSE: 3117.005688, MAE:43.860601
Saved model → models/LSTM_hs16_lr0.005_ep20.npz
Saved loss plot → results/LSTM_hs16_lr0.005_ep20_loss.png
Saved prediction plot → results/LSTM_hs16_lr0.005_ep20_predictions.png

Training Model: LSTM_hs16_lr0.005_ep30
Parameters:
    Model Type          = LSTM
    Hidden Size         = 16
    Learning Rate       = 0.005
    Epochs              = 30
    Input Size          = 5
    Output Size         = 1
    Sequence Length     = 30
    Batch Size          = 16
    Error Function      = MSE/MAE

Dataset:
    Total Samples       = 1229
    Train/Test Split    = 79:20
    Train Samples       = 977
    Test Samples        = 252
Starting training.

Epoch 1/30 — avg loss: 2079.932320
Epoch 2/30 — avg loss: 1032.325457
Epoch 3/30 — avg loss: 865.729579
Epoch 4/30 — avg loss: 668.610911
Epoch 5/30 — avg loss: 590.279366
Epoch 6/30 — avg loss: 519.506384
Epoch 7/30 — avg loss: 486.961011
Epoch 8/30 — avg loss: 145.615780
Epoch 9/30 — avg loss: 63.738634
Epoch 10/30 — avg loss: 37.364017
Epoch 11/30 — avg loss: 23.778762
Epoch 12/30 — avg loss: 18.188968
Epoch 13/30 — avg loss: 15.456632
Epoch 14/30 — avg loss: 15.276394
Epoch 15/30 — avg loss: 18.799229
Epoch 16/30 — avg loss: 16.165034
Epoch 17/30 — avg loss: 11.617058
Epoch 18/30 — avg loss: 10.756931
Epoch 19/30 — avg loss: 9.995947
Epoch 20/30 — avg loss: 10.252473
Epoch 21/30 — avg loss: 9.687173
Epoch 22/30 — avg loss: 8.909988
Epoch 23/30 — avg loss: 8.874050
Epoch 24/30 — avg loss: 8.372648
Epoch 25/30 — avg loss: 7.580312
Epoch 26/30 — avg loss: 7.275598
Epoch 27/30 — avg loss: 7.511581
Epoch 28/30 — avg loss: 8.108587
Epoch 29/30 — avg loss: 8.033096
Epoch 30/30 — avg loss: 7.518239

Test 

Accuracy: R2: -337.520297

MSE: 215.945681, MAE:12.074974

Train 

Accuracy: R2: -1944.461188

MSE: 3159.190819, MAE:44.179606
Saved model → models/LSTM_hs16_lr0.005_ep30.npz
Saved loss plot → results/LSTM_hs16_lr0.005_ep30_loss.png
Saved prediction plot → results/LSTM_hs16_lr0.005_ep30_predictions.png

Training Model: LSTM_hs16_lr0.005_ep50
Parameters:
    Model Type          = LSTM
    Hidden Size         = 16
    Learning Rate       = 0.005
    Epochs              = 50
    Input Size          = 5
    Output Size         = 1
    Sequence Length     = 30
    Batch Size          = 16
    Error Function      = MSE/MAE

Dataset:
    Total Samples       = 1229
    Train/Test Split    = 79:20
    Train Samples       = 977
    Test Samples        = 252
Starting training.

Epoch 1/50 — avg loss: 2103.947872
Epoch 2/50 — avg loss: 1066.920323
Epoch 3/50 — avg loss: 794.438942
Epoch 4/50 — avg loss: 628.035891
Epoch 5/50 — avg loss: 554.985633
Epoch 6/50 — avg loss: 400.112044
Epoch 7/50 — avg loss: 95.519081
Epoch 8/50 — avg loss: 70.313641
Epoch 9/50 — avg loss: 40.434459
Epoch 10/50 — avg loss: 29.677384
Epoch 11/50 — avg loss: 27.903735
Epoch 12/50 — avg loss: 30.511236
Epoch 13/50 — avg loss: 32.319175
Epoch 14/50 — avg loss: 31.076939
Epoch 15/50 — avg loss: 29.821814
Epoch 16/50 — avg loss: 32.402190
Epoch 17/50 — avg loss: 35.619114
Epoch 18/50 — avg loss: 30.598063
Epoch 19/50 — avg loss: 17.349290
Epoch 20/50 — avg loss: 16.075505
Epoch 21/50 — avg loss: 17.160725
Epoch 22/50 — avg loss: 15.391398
Epoch 23/50 — avg loss: 13.940107
Epoch 24/50 — avg loss: 12.410298
Epoch 25/50 — avg loss: 12.043282
Epoch 26/50 — avg loss: 11.986177
Epoch 27/50 — avg loss: 12.513906
Epoch 28/50 — avg loss: 12.092084
Epoch 29/50 — avg loss: 11.058830
Epoch 30/50 — avg loss: 14.068275
Epoch 31/50 — avg loss: 15.560246
Epoch 32/50 — avg loss: 17.312788
Epoch 33/50 — avg loss: 16.467977
Epoch 34/50 — avg loss: 16.762115
Epoch 35/50 — avg loss: 16.011755
Epoch 36/50 — avg loss: 11.576574
Epoch 37/50 — avg loss: 9.022960
Epoch 38/50 — avg loss: 8.436376
Epoch 39/50 — avg loss: 7.711821
Epoch 40/50 — avg loss: 7.329194
Epoch 41/50 — avg loss: 6.932298
Epoch 42/50 — avg loss: 6.949450
Epoch 43/50 — avg loss: 6.725277
Epoch 44/50 — avg loss: 7.196583
Epoch 45/50 — avg loss: 7.520331
Epoch 46/50 — avg loss: 8.496454
Epoch 47/50 — avg loss: 9.187111
Epoch 48/50 — avg loss: 9.301644
Epoch 49/50 — avg loss: 10.157962
Epoch 50/50 — avg loss: 10.286865

Test 

Accuracy: R2: -318.419941

MSE: 203.761361, MAE:11.739858

Train 

Accuracy: R2: -1946.723846

MSE: 3162.865098, MAE:44.135140
Saved model → models/LSTM_hs16_lr0.005_ep50.npz
Saved loss plot → results/LSTM_hs16_lr0.005_ep50_loss.png
Saved prediction plot → results/LSTM_hs16_lr0.005_ep50_predictions.png

Training Model: LSTM_hs32_lr0.001_ep20
Parameters:
    Model Type          = LSTM
    Hidden Size         = 32
    Learning Rate       = 0.001
    Epochs              = 20
    Input Size          = 5
    Output Size         = 1
    Sequence Length     = 30
    Batch Size          = 16
    Error Function      = MSE/MAE

Dataset:
    Total Samples       = 1229
    Train/Test Split    = 79:20
    Train Samples       = 977
    Test Samples        = 252
Starting training.

Epoch 1/20 — avg loss: 3110.493892
Epoch 2/20 — avg loss: 1583.069508
Epoch 3/20 — avg loss: 1182.808654
Epoch 4/20 — avg loss: 1075.919816
Epoch 5/20 — avg loss: 999.613430
Epoch 6/20 — avg loss: 962.586356
Epoch 7/20 — avg loss: 943.691357
Epoch 8/20 — avg loss: 937.917613
Epoch 9/20 — avg loss: 926.752455
Epoch 10/20 — avg loss: 926.972023
Epoch 11/20 — avg loss: 916.789200
Epoch 12/20 — avg loss: 804.599611
Epoch 13/20 — avg loss: 553.706964
Epoch 14/20 — avg loss: 382.798027
Epoch 15/20 — avg loss: 245.816549
Epoch 16/20 — avg loss: 149.103587
Epoch 17/20 — avg loss: 90.621448
Epoch 18/20 — avg loss: 70.734701
Epoch 19/20 — avg loss: 57.233897
Epoch 20/20 — avg loss: 50.129712

Test 

Accuracy: R2: -965.409629

MSE: 616.482932, MAE:21.539924

Train 

Accuracy: R2: -1792.659795

MSE: 2912.683938, MAE:42.358220
Saved model → models/LSTM_hs32_lr0.001_ep20.npz
Saved loss plot → results/LSTM_hs32_lr0.001_ep20_loss.png
Saved prediction plot → results/LSTM_hs32_lr0.001_ep20_predictions.png

Training Model: LSTM_hs32_lr0.001_ep30
Parameters:
    Model Type          = LSTM
    Hidden Size         = 32
    Learning Rate       = 0.001
    Epochs              = 30
    Input Size          = 5
    Output Size         = 1
    Sequence Length     = 30
    Batch Size          = 16
    Error Function      = MSE/MAE

Dataset:
    Total Samples       = 1229
    Train/Test Split    = 79:20
    Train Samples       = 977
    Test Samples        = 252
Starting training.

Epoch 1/30 — avg loss: 3122.265358
Epoch 2/30 — avg loss: 1547.778512
Epoch 3/30 — avg loss: 1175.943734
Epoch 4/30 — avg loss: 1069.946062
Epoch 5/30 — avg loss: 997.180231
Epoch 6/30 — avg loss: 964.505464
Epoch 7/30 — avg loss: 946.585395
Epoch 8/30 — avg loss: 932.146085
Epoch 9/30 — avg loss: 933.159352
Epoch 10/30 — avg loss: 917.652208
Epoch 11/30 — avg loss: 853.572985
Epoch 12/30 — avg loss: 762.694900
Epoch 13/30 — avg loss: 719.379170
Epoch 14/30 — avg loss: 667.823011
Epoch 15/30 — avg loss: 639.143710
Epoch 16/30 — avg loss: 616.136335
Epoch 17/30 — avg loss: 611.067238
Epoch 18/30 — avg loss: 611.288952
Epoch 19/30 — avg loss: 597.016806
Epoch 20/30 — avg loss: 597.988765
Epoch 21/30 — avg loss: 614.616879
Epoch 22/30 — avg loss: 620.866668
Epoch 23/30 — avg loss: 654.918170
Epoch 24/30 — avg loss: 656.901447
Epoch 25/30 — avg loss: 666.423079
Epoch 26/30 — avg loss: 402.022714
Epoch 27/30 — avg loss: 130.435079
Epoch 28/30 — avg loss: 78.631950
Epoch 29/30 — avg loss: 60.271495
Epoch 30/30 — avg loss: 46.439412

Test 

Accuracy: R2: -782.198962

MSE: 499.610908, MAE:18.913531

Train 

Accuracy: R2: -1798.576869

MSE: 2922.292542, MAE:42.125006
Saved model → models/LSTM_hs32_lr0.001_ep30.npz
Saved loss plot → results/LSTM_hs32_lr0.001_ep30_loss.png
Saved prediction plot → results/LSTM_hs32_lr0.001_ep30_predictions.png

Training Model: LSTM_hs32_lr0.001_ep50
Parameters:
    Model Type          = LSTM
    Hidden Size         = 32
    Learning Rate       = 0.001
    Epochs              = 50
    Input Size          = 5
    Output Size         = 1
    Sequence Length     = 30
    Batch Size          = 16
    Error Function      = MSE/MAE

Dataset:
    Total Samples       = 1229
    Train/Test Split    = 79:20
    Train Samples       = 977
    Test Samples        = 252
Starting training.

Epoch 1/50 — avg loss: 3130.197841
Epoch 2/50 — avg loss: 1542.955240
Epoch 3/50 — avg loss: 1175.282812
Epoch 4/50 — avg loss: 1077.501668
Epoch 5/50 — avg loss: 1007.036508
Epoch 6/50 — avg loss: 961.517320
Epoch 7/50 — avg loss: 948.017146
Epoch 8/50 — avg loss: 933.490367
Epoch 9/50 — avg loss: 937.454385
Epoch 10/50 — avg loss: 926.947283
Epoch 11/50 — avg loss: 903.124173
Epoch 12/50 — avg loss: 806.382384
Epoch 13/50 — avg loss: 734.875464
Epoch 14/50 — avg loss: 693.246670
Epoch 15/50 — avg loss: 643.396108
Epoch 16/50 — avg loss: 609.018347
Epoch 17/50 — avg loss: 600.829039
Epoch 18/50 — avg loss: 601.158600
Epoch 19/50 — avg loss: 590.656314
Epoch 20/50 — avg loss: 612.329833
Epoch 21/50 — avg loss: 590.611408
Epoch 22/50 — avg loss: 624.861194
Epoch 23/50 — avg loss: 643.133867
Epoch 24/50 — avg loss: 660.766154
Epoch 25/50 — avg loss: 648.192046
Epoch 26/50 — avg loss: 619.056782
Epoch 27/50 — avg loss: 471.156819
Epoch 28/50 — avg loss: 224.113933
Epoch 29/50 — avg loss: 134.097716
Epoch 30/50 — avg loss: 89.485506
Epoch 31/50 — avg loss: 69.936861
Epoch 32/50 — avg loss: 49.544109
Epoch 33/50 — avg loss: 36.986880
Epoch 34/50 — avg loss: 31.375742
Epoch 35/50 — avg loss: 29.232126
Epoch 36/50 — avg loss: 27.554888
Epoch 37/50 — avg loss: 28.505696
Epoch 38/50 — avg loss: 27.108073
Epoch 39/50 — avg loss: 23.752640
Epoch 40/50 — avg loss: 22.511465
Epoch 41/50 — avg loss: 22.581450
Epoch 42/50 — avg loss: 21.870713
Epoch 43/50 — avg loss: 20.313765
Epoch 44/50 — avg loss: 17.852259
Epoch 45/50 — avg loss: 16.872401
Epoch 46/50 — avg loss: 17.830494
Epoch 47/50 — avg loss: 17.316335
Epoch 48/50 — avg loss: 16.707071
Epoch 49/50 — avg loss: 14.791260
Epoch 50/50 — avg loss: 14.662758

Test 

Accuracy: R2: -356.690101

MSE: 228.174302, MAE:12.247001

Train 

Accuracy: R2: -1900.713559

MSE: 3088.150024, MAE:43.619632
Saved model → models/LSTM_hs32_lr0.001_ep50.npz
Saved loss plot → results/LSTM_hs32_lr0.001_ep50_loss.png
Saved prediction plot → results/LSTM_hs32_lr0.001_ep50_predictions.png

Training Model: LSTM_hs32_lr0.005_ep20
Parameters:
    Model Type          = LSTM
    Hidden Size         = 32
    Learning Rate       = 0.005
    Epochs              = 20
    Input Size          = 5
    Output Size         = 1
    Sequence Length     = 30
    Batch Size          = 16
    Error Function      = MSE/MAE

Dataset:
    Total Samples       = 1229
    Train/Test Split    = 79:20
    Train Samples       = 977
    Test Samples        = 252
Starting training.

Epoch 1/20 — avg loss: 1613.605885
Epoch 2/20 — avg loss: 945.635062
Epoch 3/20 — avg loss: 582.881837
Epoch 4/20 — avg loss: 106.230653
Epoch 5/20 — avg loss: 44.792101
Epoch 6/20 — avg loss: 23.283293
Epoch 7/20 — avg loss: 15.417415
Epoch 8/20 — avg loss: 12.245485
Epoch 9/20 — avg loss: 9.573209
Epoch 10/20 — avg loss: 7.934897
Epoch 11/20 — avg loss: 6.567437
Epoch 12/20 — avg loss: 6.036818
Epoch 13/20 — avg loss: 5.609897
Epoch 14/20 — avg loss: 5.183040
Epoch 15/20 — avg loss: 5.316006
Epoch 16/20 — avg loss: 4.859824
Epoch 17/20 — avg loss: 4.716991
Epoch 18/20 — avg loss: 4.413061
Epoch 19/20 — avg loss: 4.001339
Epoch 20/20 — avg loss: 3.767567

Test 

Accuracy: R2: -452.661242

MSE: 289.395308, MAE:13.869404

Train 

Accuracy: R2: -1952.124638

MSE: 3171.635323, MAE:44.222691
Saved model → models/LSTM_hs32_lr0.005_ep20.npz
Saved loss plot → results/LSTM_hs32_lr0.005_ep20_loss.png
Saved prediction plot → results/LSTM_hs32_lr0.005_ep20_predictions.png

Training Model: LSTM_hs32_lr0.005_ep30
Parameters:
    Model Type          = LSTM
    Hidden Size         = 32
    Learning Rate       = 0.005
    Epochs              = 30
    Input Size          = 5
    Output Size         = 1
    Sequence Length     = 30
    Batch Size          = 16
    Error Function      = MSE/MAE

Dataset:
    Total Samples       = 1229
    Train/Test Split    = 79:20
    Train Samples       = 977
    Test Samples        = 252
Starting training.

Epoch 1/30 — avg loss: 1616.718319
Epoch 2/30 — avg loss: 968.393036
Epoch 3/30 — avg loss: 837.512242
Epoch 4/30 — avg loss: 384.676698
Epoch 5/30 — avg loss: 110.739356
Epoch 6/30 — avg loss: 58.646010
Epoch 7/30 — avg loss: 38.797866
Epoch 8/30 — avg loss: 22.633206
Epoch 9/30 — avg loss: 16.946303
Epoch 10/30 — avg loss: 12.575404
Epoch 11/30 — avg loss: 11.101401
Epoch 12/30 — avg loss: 8.685663
Epoch 13/30 — avg loss: 7.026332
Epoch 14/30 — avg loss: 6.414968
Epoch 15/30 — avg loss: 5.523088
Epoch 16/30 — avg loss: 4.843820
Epoch 17/30 — avg loss: 4.324429
Epoch 18/30 — avg loss: 4.507187
Epoch 19/30 — avg loss: 4.031080
Epoch 20/30 — avg loss: 4.155588
Epoch 21/30 — avg loss: 3.963833
Epoch 22/30 — avg loss: 3.522294
Epoch 23/30 — avg loss: 3.961298
Epoch 24/30 — avg loss: 3.575403
Epoch 25/30 — avg loss: 3.530281
Epoch 26/30 — avg loss: 3.331041
Epoch 27/30 — avg loss: 3.417066
Epoch 28/30 — avg loss: 3.212690
Epoch 29/30 — avg loss: 3.267663
Epoch 30/30 — avg loss: 3.509586

Test 

Accuracy: R2: -494.048441

MSE: 315.796641, MAE:14.487067

Train 

Accuracy: R2: -1924.968194

MSE: 3127.536583, MAE:43.870218
Saved model → models/LSTM_hs32_lr0.005_ep30.npz
Saved loss plot → results/LSTM_hs32_lr0.005_ep30_loss.png
Saved prediction plot → results/LSTM_hs32_lr0.005_ep30_predictions.png

Training Model: LSTM_hs32_lr0.005_ep50
Parameters:
    Model Type          = LSTM
    Hidden Size         = 32
    Learning Rate       = 0.005
    Epochs              = 50
    Input Size          = 5
    Output Size         = 1
    Sequence Length     = 30
    Batch Size          = 16
    Error Function      = MSE/MAE

Dataset:
    Total Samples       = 1229
    Train/Test Split    = 79:20
    Train Samples       = 977
    Test Samples        = 252
Starting training.

Epoch 1/50 — avg loss: 1600.453988
Epoch 2/50 — avg loss: 950.018896
Epoch 3/50 — avg loss: 921.983273
Epoch 4/50 — avg loss: 434.417122
Epoch 5/50 — avg loss: 82.886920
Epoch 6/50 — avg loss: 51.476580
Epoch 7/50 — avg loss: 28.804046
Epoch 8/50 — avg loss: 15.476779
Epoch 9/50 — avg loss: 10.286974
Epoch 10/50 — avg loss: 9.037322
Epoch 11/50 — avg loss: 8.835271
Epoch 12/50 — avg loss: 7.569696
Epoch 13/50 — avg loss: 6.403922
Epoch 14/50 — avg loss: 6.117406
Epoch 15/50 — avg loss: 6.050280
Epoch 16/50 — avg loss: 6.033201
Epoch 17/50 — avg loss: 5.401916
Epoch 18/50 — avg loss: 4.758725
Epoch 19/50 — avg loss: 5.023444
Epoch 20/50 — avg loss: 4.751844
Epoch 21/50 — avg loss: 4.400074
Epoch 22/50 — avg loss: 4.112812
Epoch 23/50 — avg loss: 3.853270
Epoch 24/50 — avg loss: 3.877327
Epoch 25/50 — avg loss: 3.867820
Epoch 26/50 — avg loss: 3.620909
Epoch 27/50 — avg loss: 3.903932
Epoch 28/50 — avg loss: 3.759849
Epoch 29/50 — avg loss: 3.718474
Epoch 30/50 — avg loss: 3.472294
Epoch 31/50 — avg loss: 3.506172
Epoch 32/50 — avg loss: 3.880859
Epoch 33/50 — avg loss: 3.616189
Epoch 34/50 — avg loss: 3.254704
Epoch 35/50 — avg loss: 3.732230
Epoch 36/50 — avg loss: 3.286739
Epoch 37/50 — avg loss: 2.941732
Epoch 38/50 — avg loss: 3.326961
Epoch 39/50 — avg loss: 3.168096
Epoch 40/50 — avg loss: 3.124601
Epoch 41/50 — avg loss: 3.036953
Epoch 42/50 — avg loss: 3.002360
Epoch 43/50 — avg loss: 2.784109
Epoch 44/50 — avg loss: 2.721866
Epoch 45/50 — avg loss: 2.858217
Epoch 46/50 — avg loss: 2.824443
Epoch 47/50 — avg loss: 2.700259
Epoch 48/50 — avg loss: 2.738916
Epoch 49/50 — avg loss: 2.718799
Epoch 50/50 — avg loss: 2.655359

Test 

Accuracy: R2: -538.505982

MSE: 344.156577, MAE:15.130624

Train 

Accuracy: R2: -2011.134090

MSE: 3267.459449, MAE:44.847647
Saved model → models/LSTM_hs32_lr0.005_ep50.npz
Saved loss plot → results/LSTM_hs32_lr0.005_ep50_loss.png
Saved prediction plot → results/LSTM_hs32_lr0.005_ep50_predictions.png

Best LSTM Model: LSTM_hs16_lr0.005_ep50 with MSE: 203.761361, MAE: 11.739858
Saved metric bar plot → results/LSTM_mse_comparison.png
Saved metric bar plot → results/LSTM_mae_comparison.png
Saved R² comparison plot → results/LSTM_r2_comparison.png
